#
# There is insufficient memory for the Java Runtime Environment to continue.
# Native memory allocation (malloc) failed to allocate 1007376 bytes for Chunk::new
# Possible reasons:
#   The system is out of physical RAM or swap space
#   The process is running with CompressedOops enabled, and the Java Heap may be blocking the growth of the native heap
# Possible solutions:
#   Reduce memory load on the system
#   Increase physical memory or swap space
#   Check if swap backing store is full
#   Decrease Java heap size (-Xmx/-Xms)
#   Decrease number of Java threads
#   Decrease Java thread stack sizes (-Xss)
#   Set larger code cache with -XX:ReservedCodeCacheSize=
#   JVM is running with Unscaled Compressed Oops mode in which the Java heap is
#     placed in the first 4GB address space. The Java Heap base address is the
#     maximum limit for the native heap growth. Please use -XX:HeapBaseMinAddress
#     to set the Java Heap base and to place the Java Heap above 4GB virtual address.
# This output file may be truncated or incomplete.
#
#  Out of Memory Error (allocation.cpp:389), pid=8296, tid=0x0000000000002c84
#
# JRE version: OpenJDK Runtime Environment (8.0_282-b08) (build 1.8.0_282-b08)
# Java VM: OpenJDK 64-Bit Server VM (25.282-b08 mixed mode windows-amd64 compressed oops)
# Failed to write core dump. Minidumps are not enabled by default on client versions of Windows
#

---------------  T H R E A D  ---------------

Current thread (0x00000000144db000):  JavaThread "C2 CompilerThread0" daemon [_thread_in_native, id=11396, stack(0x0000000015b30000,0x0000000015c30000)]

Stack: [0x0000000015b30000,0x0000000015c30000]
[error occurred during error reporting (printing stack bounds), id 0xc0000005]

Native frames: (J=compiled Java code, j=interpreted, Vv=VM code, C=native code)


Current CompileTask:
C2: 473909 30392       4       com.android.tools.r8.ir.optimize.k::a (592 bytes)


---------------  P R O C E S S  ---------------

Java Threads: ( => current thread )
  0x000000001a8ac800 JavaThread "WorkerExecutor Queue Thread 8" [_thread_blocked, id=14708, stack(0x0000000021a60000,0x0000000021b60000)]
  0x000000001a8b1000 JavaThread "WorkerExecutor Queue Thread 7" [_thread_blocked, id=12024, stack(0x000000001c520000,0x000000001c620000)]
  0x000000001a8b0800 JavaThread "stdout" [_thread_in_native, id=12652, stack(0x0000000021c70000,0x0000000021d70000)]
  0x000000001a8ad800 JavaThread "stderr" [_thread_in_native, id=10084, stack(0x0000000021b70000,0x0000000021c70000)]
  0x000000001dffa000 JavaThread "stdout" [_thread_in_native, id=4764, stack(0x0000000021960000,0x0000000021a60000)]
  0x000000001dff9800 JavaThread "stderr" [_thread_in_native, id=10996, stack(0x0000000021860000,0x0000000021960000)]
  0x000000001dff7000 JavaThread "pool-4-thread-1" [_thread_blocked, id=9776, stack(0x0000000021760000,0x0000000021860000)]
  0x000000001dfed800 JavaThread "Cache worker for Java compile cache (C:\Users\Owner\myYoutube\android\.gradle\6.9\javaCompile)" [_thread_blocked, id=9476, stack(0x0000000021060000,0x0000000021160000)]
  0x000000001dff4800 JavaThread "Cache worker for Java compile cache (C:\Users\Owner\.gradle\caches\6.9\javaCompile)" [_thread_blocked, id=2012, stack(0x0000000020f60000,0x0000000021060000)]
  0x000000001dfa2800 JavaThread "WorkerExecutor Queue Thread 5" [_thread_blocked, id=4324, stack(0x0000000001380000,0x0000000001480000)]
  0x000000001fcd2800 JavaThread "Cache worker for execution history cache (C:\Users\Owner\myYoutube\android\.gradle\6.9\executionHistory)" [_thread_blocked, id=2304, stack(0x0000000025fb0000,0x00000000260b0000)]
  0x000000001fcd3800 JavaThread "Execution worker for ':' Thread 3" [_thread_blocked, id=1168, stack(0x0000000025eb0000,0x0000000025fb0000)]
  0x000000001fcd4000 JavaThread "Execution worker for ':' Thread 2" [_thread_blocked, id=10432, stack(0x0000000025db0000,0x0000000025eb0000)]
  0x000000001fcca800 JavaThread "Execution worker for ':'" [_thread_blocked, id=8756, stack(0x0000000025560000,0x0000000025660000)]
  0x000000001fcd1800 JavaThread "build event listener" [_thread_blocked, id=15040, stack(0x000000001ce20000,0x000000001cf20000)]
  0x000000001a8af800 JavaThread "Memory manager" [_thread_blocked, id=13220, stack(0x000000001cd20000,0x000000001ce20000)]
  0x0000000018459000 JavaThread "Build operations Thread 4" [_thread_in_Java, id=13684, stack(0x000000001f060000,0x000000001f160000)]
  0x0000000018451800 JavaThread "Build operations Thread 3" [_thread_in_Java, id=4256, stack(0x000000001ef60000,0x000000001f060000)]
  0x0000000018455000 JavaThread "Build operations Thread 2" [_thread_in_native, id=10740, stack(0x000000001ee60000,0x000000001ef60000)]
  0x0000000018457000 JavaThread "Build operations" [_thread_blocked, id=2640, stack(0x000000001ed60000,0x000000001ee60000)]
  0x0000000018457800 JavaThread "Cache worker for Build Output Cleanup Cache (C:\Users\Owner\myYoutube\android\.gradle\buildOutputCleanup)" [_thread_blocked, id=8936, stack(0x000000001cf20000,0x000000001d020000)]
  0x0000000018456000 JavaThread "Cache worker for file content cache (C:\Users\Owner\.gradle\caches\6.9\fileContent)" [_thread_blocked, id=13264, stack(0x000000001ca20000,0x000000001cb20000)]
  0x00000000180c4000 JavaThread "Cache worker for execution history cache (C:\Users\Owner\.gradle\caches\6.9\executionHistory)" [_thread_blocked, id=12008, stack(0x000000001be20000,0x000000001bf20000)]
  0x00000000180c2000 JavaThread "Cache worker for cache directory md-rule (C:\Users\Owner\.gradle\caches\6.9\md-rule)" [_thread_blocked, id=9936, stack(0x000000001bd20000,0x000000001be20000)]
  0x00000000180c3800 JavaThread "Cache worker for cache directory md-supplier (C:\Users\Owner\.gradle\caches\6.9\md-supplier)" [_thread_blocked, id=6264, stack(0x000000001bc20000,0x000000001bd20000)]
  0x00000000180c2800 JavaThread "Cache worker for checksums cache (C:\Users\Owner\myYoutube\android\.gradle\checksums)" [_thread_blocked, id=8832, stack(0x000000001b920000,0x000000001ba20000)]
  0x00000000180bd000 JavaThread "Cache worker for file hash cache (C:\Users\Owner\myYoutube\android\.gradle\6.9\fileHashes)" [_thread_blocked, id=10264, stack(0x000000001b820000,0x000000001b920000)]
  0x00000000180be000 JavaThread "Cache worker for journal cache (C:\Users\Owner\.gradle\caches\journal-1)" [_thread_blocked, id=7576, stack(0x000000001a250000,0x000000001a350000)]
  0x00000000180c1000 JavaThread "File lock request listener" [_thread_in_native, id=10528, stack(0x000000001a150000,0x000000001a250000)]
  0x00000000180c0000 JavaThread "Cache worker for file hash cache (C:\Users\Owner\.gradle\caches\6.9\fileHashes)" [_thread_blocked, id=11392, stack(0x000000001a050000,0x000000001a150000)]
  0x000000001614e800 JavaThread "Daemon client event forwarder" [_thread_blocked, id=13008, stack(0x0000000019d50000,0x0000000019e50000)]
  0x000000001614c000 JavaThread "Stdin handler" [_thread_blocked, id=8320, stack(0x0000000019c50000,0x0000000019d50000)]
  0x000000001723b000 JavaThread "Asynchronous log dispatcher for DefaultDaemonConnection: socket connection from /127.0.0.1:49556 to /127.0.0.1:49557" [_thread_blocked, id=7308, stack(0x0000000019b50000,0x0000000019c50000)]
  0x0000000016133000 JavaThread "Daemon worker" [_thread_blocked, id=13352, stack(0x0000000019a50000,0x0000000019b50000)]
  0x0000000017228800 JavaThread "Cancel handler" [_thread_blocked, id=1472, stack(0x0000000019950000,0x0000000019a50000)]
  0x0000000017228000 JavaThread "Handler for socket connection from /127.0.0.1:49556 to /127.0.0.1:49557" [_thread_in_native, id=4312, stack(0x0000000019850000,0x0000000019950000)]
  0x0000000017194800 JavaThread "Daemon" [_thread_blocked, id=13236, stack(0x0000000019750000,0x0000000019850000)]
  0x0000000016dee800 JavaThread "Daemon periodic checks" [_thread_blocked, id=13416, stack(0x0000000019450000,0x0000000019550000)]
  0x0000000016ded000 JavaThread "Incoming local TCP Connector on port 49556" [_thread_in_native, id=14280, stack(0x0000000019210000,0x0000000019310000)]
  0x0000000017c5e800 JavaThread "Daemon health stats" [_thread_blocked, id=5952, stack(0x0000000018dd0000,0x0000000018ed0000)]
  0x000000001452e800 JavaThread "Service Thread" daemon [_thread_blocked, id=8512, stack(0x0000000016230000,0x0000000016330000)]
  0x00000000144e3000 JavaThread "C1 CompilerThread2" daemon [_thread_blocked, id=5916, stack(0x0000000015d30000,0x0000000015e30000)]
  0x00000000144e2000 JavaThread "C2 CompilerThread1" daemon [_thread_in_native, id=12012, stack(0x0000000015c30000,0x0000000015d30000)]
=>0x00000000144db000 JavaThread "C2 CompilerThread0" daemon [_thread_in_native, id=11396, stack(0x0000000015b30000,0x0000000015c30000)]
  0x00000000144d5800 JavaThread "Attach Listener" daemon [_thread_blocked, id=3160, stack(0x0000000015a30000,0x0000000015b30000)]
  0x00000000144d4000 JavaThread "Signal Dispatcher" daemon [_thread_blocked, id=656, stack(0x0000000015930000,0x0000000015a30000)]
  0x00000000030ab000 JavaThread "Finalizer" daemon [_thread_blocked, id=4776, stack(0x0000000015730000,0x0000000015830000)]
  0x00000000144b9000 JavaThread "Reference Handler" daemon [_thread_blocked, id=11640, stack(0x0000000015630000,0x0000000015730000)]
  0x0000000002f4e800 JavaThread "main" [_thread_blocked, id=12356, stack(0x0000000002e20000,0x0000000002f20000)]

Other Threads:
  0x0000000014497800 VMThread [stack: 0x0000000015530000,0x0000000015630000] [id=4936]
  0x0000000015e68800 WatcherThread [stack: 0x0000000016330000,0x0000000016430000] [id=2444]

VM state:not at safepoint (normal execution)

VM Mutex/Monitor currently owned by a thread: None

heap address: 0x00000000e0000000, size: 512 MB, Compressed Oops mode: 32-bit
Narrow klass base: 0x0000000000000000, Narrow klass shift: 3
Compressed class space size: 1073741824 Address: 0x0000000100000000

Heap:
 PSYoungGen      total 151552K, used 86572K [0x00000000f5580000, 0x0000000100000000, 0x0000000100000000)
  eden space 134656K, 51% used [0x00000000f5580000,0x00000000f99ac788,0x00000000fd900000)
  from space 16896K, 99% used [0x00000000fd900000,0x00000000fe95e908,0x00000000fe980000)
  to   space 22016K, 0% used [0x00000000fea80000,0x00000000fea80000,0x0000000100000000)
 ParOldGen       total 349696K, used 292762K [0x00000000e0000000, 0x00000000f5580000, 0x00000000f5580000)
  object space 349696K, 83% used [0x00000000e0000000,0x00000000f1de6950,0x00000000f5580000)
 Metaspace       used 119736K, capacity 126584K, committed 126976K, reserved 1159168K
  class space    used 15347K, capacity 16701K, committed 16896K, reserved 1048576K

Card table byte_map: [0x0000000012470000,0x0000000012580000] byte_map_base: 0x0000000011d70000

Marking Bits: (ParMarkBitMap*) 0x000000005d013420
 Begin Bits: [0x0000000012a30000, 0x0000000013230000)
 End Bits:   [0x0000000013230000, 0x0000000013a30000)

Polling page: 0x0000000001160000

CodeCache: size=245760Kb used=89673Kb max_used=89838Kb free=156086Kb
 bounds [0x00000000030b0000, 0x0000000008910000, 0x00000000120b0000]
 total_blobs=24621 nmethods=23671 adapters=860
 compilation: enabled

Compilation events (10 events):
Event: 473.200 Thread 0x00000000144e3000 30398       2       com.android.tools.r8.ir.optimize.k$b::<init> (10 bytes)
Event: 473.201 Thread 0x00000000144e3000 nmethod 30398 0x0000000008731bd0 code [0x0000000008731d20, 0x0000000008731e90]
Event: 473.202 Thread 0x00000000144e3000 30399       2       com.android.tools.r8.w.a.a.a.h.a0$e::<init> (6 bytes)
Event: 473.203 Thread 0x00000000144e3000 nmethod 30399 0x0000000008731890 code [0x00000000087319e0, 0x0000000008731b50]
Event: 473.241 Thread 0x00000000144e3000 30400       2       com.android.tools.r8.w.a.a.a.h.a0::i (27 bytes)
Event: 473.242 Thread 0x00000000144e3000 nmethod 30400 0x00000000079a7ad0 code [0x00000000079a7c20, 0x00000000079a7e10]
Event: 473.244 Thread 0x00000000144e3000 30401       2       java.util.stream.ReferencePipeline::limit (25 bytes)
Event: 473.245 Thread 0x00000000144e3000 nmethod 30401 0x00000000079a75d0 code [0x00000000079a7760, 0x00000000079a79a8]
Event: 473.378 Thread 0x00000000144e3000 30403 %     3       com.android.tools.r8.s.a.b.l.d::a @ 37 (286 bytes)
Event: 473.382 Thread 0x00000000144e3000 nmethod 30403% 0x00000000046935d0 code [0x0000000004693880, 0x0000000004694df8]

GC Heap History (10 events):
Event: 465.604 GC heap before
{Heap before GC invocations=145 (full 4):
 PSYoungGen      total 157184K, used 148520K [0x00000000f5580000, 0x00000000fff00000, 0x0000000100000000)
  eden space 140800K, 100% used [0x00000000f5580000,0x00000000fdf00000,0x00000000fdf00000)
  from space 16384K, 47% used [0x00000000fef00000,0x00000000ff68a0b8,0x00000000fff00000)
  to   space 16384K, 0% used [0x00000000fdf00000,0x00000000fdf00000,0x00000000fef00000)
 ParOldGen       total 349696K, used 268548K [0x00000000e0000000, 0x00000000f5580000, 0x00000000f5580000)
  object space 349696K, 76% used [0x00000000e0000000,0x00000000f0641360,0x00000000f5580000)
 Metaspace       used 119700K, capacity 126580K, committed 126976K, reserved 1159168K
  class space    used 15346K, capacity 16701K, committed 16896K, reserved 1048576K
Event: 465.662 GC heap after
Heap after GC invocations=145 (full 4):
 PSYoungGen      total 157184K, used 10736K [0x00000000f5580000, 0x0000000100000000, 0x0000000100000000)
  eden space 140800K, 0% used [0x00000000f5580000,0x00000000f5580000,0x00000000fdf00000)
  from space 16384K, 65% used [0x00000000fdf00000,0x00000000fe97c118,0x00000000fef00000)
  to   space 16896K, 0% used [0x00000000fef80000,0x00000000fef80000,0x0000000100000000)
 ParOldGen       total 349696K, used 272923K [0x00000000e0000000, 0x00000000f5580000, 0x00000000f5580000)
  object space 349696K, 78% used [0x00000000e0000000,0x00000000f0a86d80,0x00000000f5580000)
 Metaspace       used 119700K, capacity 126580K, committed 126976K, reserved 1159168K
  class space    used 15346K, capacity 16701K, committed 16896K, reserved 1048576K
}
Event: 467.332 GC heap before
{Heap before GC invocations=146 (full 4):
 PSYoungGen      total 157184K, used 151536K [0x00000000f5580000, 0x0000000100000000, 0x0000000100000000)
  eden space 140800K, 100% used [0x00000000f5580000,0x00000000fdf00000,0x00000000fdf00000)
  from space 16384K, 65% used [0x00000000fdf00000,0x00000000fe97c118,0x00000000fef00000)
  to   space 16896K, 0% used [0x00000000fef80000,0x00000000fef80000,0x0000000100000000)
 ParOldGen       total 349696K, used 272923K [0x00000000e0000000, 0x00000000f5580000, 0x00000000f5580000)
  object space 349696K, 78% used [0x00000000e0000000,0x00000000f0a86d80,0x00000000f5580000)
 Metaspace       used 119706K, capacity 126580K, committed 126976K, reserved 1159168K
  class space    used 15346K, capacity 16701K, committed 16896K, reserved 1048576K
Event: 467.405 GC heap after
Heap after GC invocations=146 (full 4):
 PSYoungGen      total 156672K, used 10677K [0x00000000f5580000, 0x0000000100000000, 0x0000000100000000)
  eden space 139776K, 0% used [0x00000000f5580000,0x00000000f5580000,0x00000000fde00000)
  from space 16896K, 63% used [0x00000000fef80000,0x00000000ff9ed618,0x0000000100000000)
  to   space 17408K, 0% used [0x00000000fde00000,0x00000000fde00000,0x00000000fef00000)
 ParOldGen       total 349696K, used 275711K [0x00000000e0000000, 0x00000000f5580000, 0x00000000f5580000)
  object space 349696K, 78% used [0x00000000e0000000,0x00000000f0d3fce0,0x00000000f5580000)
 Metaspace       used 119706K, capacity 126580K, committed 126976K, reserved 1159168K
  class space    used 15346K, capacity 16701K, committed 16896K, reserved 1048576K
}
Event: 469.049 GC heap before
{Heap before GC invocations=147 (full 4):
 PSYoungGen      total 156672K, used 150453K [0x00000000f5580000, 0x0000000100000000, 0x0000000100000000)
  eden space 139776K, 100% used [0x00000000f5580000,0x00000000fde00000,0x00000000fde00000)
  from space 16896K, 63% used [0x00000000fef80000,0x00000000ff9ed618,0x0000000100000000)
  to   space 17408K, 0% used [0x00000000fde00000,0x00000000fde00000,0x00000000fef00000)
 ParOldGen       total 349696K, used 275711K [0x00000000e0000000, 0x00000000f5580000, 0x00000000f5580000)
  object space 349696K, 78% used [0x00000000e0000000,0x00000000f0d3fce0,0x00000000f5580000)
 Metaspace       used 119718K, capacity 126580K, committed 126976K, reserved 1159168K
  class space    used 15346K, capacity 16701K, committed 16896K, reserved 1048576K
Event: 469.105 GC heap after
Heap after GC invocations=147 (full 4):
 PSYoungGen      total 151040K, used 10789K [0x00000000f5580000, 0x0000000100000000, 0x0000000100000000)
  eden space 139776K, 0% used [0x00000000f5580000,0x00000000f5580000,0x00000000fde00000)
  from space 11264K, 95% used [0x00000000fde00000,0x00000000fe8895e8,0x00000000fe900000)
  to   space 17920K, 0% used [0x00000000fee80000,0x00000000fee80000,0x0000000100000000)
 ParOldGen       total 349696K, used 278992K [0x00000000e0000000, 0x00000000f5580000, 0x00000000f5580000)
  object space 349696K, 79% used [0x00000000e0000000,0x00000000f1074070,0x00000000f5580000)
 Metaspace       used 119718K, capacity 126580K, committed 126976K, reserved 1159168K
  class space    used 15346K, capacity 16701K, committed 16896K, reserved 1048576K
}
Event: 470.793 GC heap before
{Heap before GC invocations=148 (full 4):
 PSYoungGen      total 151040K, used 150565K [0x00000000f5580000, 0x0000000100000000, 0x0000000100000000)
  eden space 139776K, 100% used [0x00000000f5580000,0x00000000fde00000,0x00000000fde00000)
  from space 11264K, 95% used [0x00000000fde00000,0x00000000fe8895e8,0x00000000fe900000)
  to   space 17920K, 0% used [0x00000000fee80000,0x00000000fee80000,0x0000000100000000)
 ParOldGen       total 349696K, used 278992K [0x00000000e0000000, 0x00000000f5580000, 0x00000000f5580000)
  object space 349696K, 79% used [0x00000000e0000000,0x00000000f1074070,0x00000000f5580000)
 Metaspace       used 119734K, capacity 126580K, committed 126976K, reserved 1159168K
  class space    used 15347K, capacity 16701K, committed 16896K, reserved 1048576K
Event: 470.867 GC heap after
Heap after GC invocations=148 (full 4):
 PSYoungGen      total 152576K, used 14793K [0x00000000f5580000, 0x0000000100000000, 0x0000000100000000)
  eden space 134656K, 0% used [0x00000000f5580000,0x00000000f5580000,0x00000000fd900000)
  from space 17920K, 82% used [0x00000000fee80000,0x00000000ffcf24c8,0x0000000100000000)
  to   space 19968K, 0% used [0x00000000fd900000,0x00000000fd900000,0x00000000fec80000)
 ParOldGen       total 349696K, used 282767K [0x00000000e0000000, 0x00000000f5580000, 0x00000000f5580000)
  object space 349696K, 80% used [0x00000000e0000000,0x00000000f1423d38,0x00000000f5580000)
 Metaspace       used 119734K, capacity 126580K, committed 126976K, reserved 1159168K
  class space    used 15347K, capacity 16701K, committed 16896K, reserved 1048576K
}
Event: 472.432 GC heap before
{Heap before GC invocations=149 (full 4):
 PSYoungGen      total 152576K, used 149449K [0x00000000f5580000, 0x0000000100000000, 0x0000000100000000)
  eden space 134656K, 100% used [0x00000000f5580000,0x00000000fd900000,0x00000000fd900000)
  from space 17920K, 82% used [0x00000000fee80000,0x00000000ffcf24c8,0x0000000100000000)
  to   space 19968K, 0% used [0x00000000fd900000,0x00000000fd900000,0x00000000fec80000)
 ParOldGen       total 349696K, used 282767K [0x00000000e0000000, 0x00000000f5580000, 0x00000000f5580000)
  object space 349696K, 80% used [0x00000000e0000000,0x00000000f1423d38,0x00000000f5580000)
 Metaspace       used 119736K, capacity 126584K, committed 126976K, reserved 1159168K
  class space    used 15347K, capacity 16701K, committed 16896K, reserved 1048576K
Event: 472.519 GC heap after
Heap after GC invocations=149 (full 4):
 PSYoungGen      total 151552K, used 16762K [0x00000000f5580000, 0x0000000100000000, 0x0000000100000000)
  eden space 134656K, 0% used [0x00000000f5580000,0x00000000f5580000,0x00000000fd900000)
  from space 16896K, 99% used [0x00000000fd900000,0x00000000fe95e908,0x00000000fe980000)
  to   space 22016K, 0% used [0x00000000fea80000,0x00000000fea80000,0x0000000100000000)
 ParOldGen       total 349696K, used 292762K [0x00000000e0000000, 0x00000000f5580000, 0x00000000f5580000)
  object space 349696K, 83% used [0x00000000e0000000,0x00000000f1de6950,0x00000000f5580000)
 Metaspace       used 119736K, capacity 126584K, committed 126976K, reserved 1159168K
  class space    used 15347K, capacity 16701K, committed 16896K, reserved 1048576K
}

Deoptimization events (10 events):
Event: 435.134 Thread 0x0000000018451800 Uncommon trap: reason=unstable_if action=reinterpret pc=0x00000000052ef8c0 method=com.android.tools.r8.graph.o0.a(Lcom/android/tools/r8/graph/o0;)I @ 108
Event: 442.548 Thread 0x0000000018459000 Uncommon trap: reason=unstable_if action=reinterpret pc=0x0000000007f8c668 method=java.util.stream.SortedOps$RefSortingSink.end()V @ 92
Event: 450.826 Thread 0x0000000018459000 Uncommon trap: reason=class_check action=maybe_recompile pc=0x0000000008723f2c method=com.android.tools.r8.ir.optimize.q.a(Lcom/android/tools/r8/v/b/X;Lcom/android/tools/r8/utils/q1;)V @ 307
Event: 466.817 Thread 0x0000000018457000 Uncommon trap: reason=class_check action=maybe_recompile pc=0x000000000838eac8 method=com.android.tools.r8.ir.optimize.k.q(Lcom/android/tools/r8/v/b/X;)V @ 117
Event: 468.563 Thread 0x0000000018459000 Uncommon trap: reason=class_check action=maybe_recompile pc=0x000000000831cf70 method=com.android.tools.r8.ir.conversion.o.a(Lcom/android/tools/r8/ir/conversion/S;IZ)V @ 633
Event: 469.218 Thread 0x0000000018459000 Uncommon trap: reason=unstable_if action=reinterpret pc=0x000000000876a304 method=com.android.tools.r8.ir.regalloc.a.b()V @ 262
Event: 469.229 Thread 0x0000000018459000 Uncommon trap: reason=class_check action=maybe_recompile pc=0x0000000004f93860 method=com.android.tools.r8.v.b.p0.i()Lcom/android/tools/r8/v/b/o0; @ 3
Event: 472.945 Thread 0x0000000018459000 Uncommon trap: reason=bimorphic action=maybe_recompile pc=0x0000000006a1e030 method=com.android.tools.r8.v.b.w1.J()Z @ 1
Event: 473.400 Thread 0x0000000018459000 Uncommon trap: reason=class_check action=maybe_recompile pc=0x0000000004f93860 method=com.android.tools.r8.v.b.p0.i()Lcom/android/tools/r8/v/b/o0; @ 3
Event: 473.400 Thread 0x0000000018459000 Uncommon trap: reason=class_check action=maybe_recompile pc=0x0000000004f93860 method=com.android.tools.r8.v.b.p0.i()Lcom/android/tools/r8/v/b/o0; @ 3

Classes redefined (0 events):
No events

Internal exceptions (10 events):
Event: 469.316 Thread 0x0000000018457000 Exception <a 'sun/nio/fs/WindowsException'> (0x00000000f69fa388) thrown at [C:\cygwin64\tmp\build\source\java-1.8.0-openjdk\tmp\jdk8u\hotspot\src\share\vm\prims\jni.cpp, line 711]
Event: 469.451 Thread 0x0000000018459000 Exception <a 'sun/nio/fs/WindowsException'> (0x00000000f74a9760) thrown at [C:\cygwin64\tmp\build\source\java-1.8.0-openjdk\tmp\jdk8u\hotspot\src\share\vm\prims\jni.cpp, line 711]
Event: 469.459 Thread 0x0000000018457000 Exception <a 'sun/nio/fs/WindowsException'> (0x00000000f7632230) thrown at [C:\cygwin64\tmp\build\source\java-1.8.0-openjdk\tmp\jdk8u\hotspot\src\share\vm\prims\jni.cpp, line 711]
Event: 470.141 Thread 0x0000000018457000 Exception <a 'sun/nio/fs/WindowsException'> (0x00000000f9d27ba0) thrown at [C:\cygwin64\tmp\build\source\java-1.8.0-openjdk\tmp\jdk8u\hotspot\src\share\vm\prims\jni.cpp, line 711]
Event: 470.293 Thread 0x0000000018457000 Exception <a 'sun/nio/fs/WindowsException'> (0x00000000faccd1e8) thrown at [C:\cygwin64\tmp\build\source\java-1.8.0-openjdk\tmp\jdk8u\hotspot\src\share\vm\prims\jni.cpp, line 711]
Event: 470.509 Thread 0x0000000018457000 Exception <a 'sun/nio/fs/WindowsException'> (0x00000000fc066420) thrown at [C:\cygwin64\tmp\build\source\java-1.8.0-openjdk\tmp\jdk8u\hotspot\src\share\vm\prims\jni.cpp, line 711]
Event: 470.623 Thread 0x0000000018457000 Exception <a 'sun/nio/fs/WindowsException'> (0x00000000fce618e8) thrown at [C:\cygwin64\tmp\build\source\java-1.8.0-openjdk\tmp\jdk8u\hotspot\src\share\vm\prims\jni.cpp, line 711]
Event: 470.924 Thread 0x000000001fcca800 Exception <a 'sun/nio/fs/WindowsException'> (0x00000000f5a3ff40) thrown at [C:\cygwin64\tmp\build\source\java-1.8.0-openjdk\tmp\jdk8u\hotspot\src\share\vm\prims\jni.cpp, line 711]
Event: 471.065 Thread 0x0000000018459000 Exception <a 'sun/nio/fs/WindowsException'> (0x00000000f6d948b0) thrown at [C:\cygwin64\tmp\build\source\java-1.8.0-openjdk\tmp\jdk8u\hotspot\src\share\vm\prims\jni.cpp, line 711]
Event: 472.149 Thread 0x000000001fcca800 Exception <a 'sun/nio/fs/WindowsException'> (0x00000000fbd829c8) thrown at [C:\cygwin64\tmp\build\source\java-1.8.0-openjdk\tmp\jdk8u\hotspot\src\share\vm\prims\jni.cpp, line 711]

Events (10 events):
Event: 472.945 Thread 0x0000000018459000 DEOPT UNPACKING pc=0x00000000030f557b sp=0x000000001f159ad0 mode 2
Event: 473.177 Thread 0x00000000144e3000 flushing nmethod 0x0000000008545750
Event: 473.324 Thread 0x0000000018459000 DEOPT PACKING pc=0x0000000008659aaf sp=0x000000001f159730
Event: 473.325 Thread 0x0000000018459000 DEOPT UNPACKING pc=0x00000000030f75d0 sp=0x000000001f159640 mode 0
Event: 473.400 Thread 0x0000000018459000 Uncommon trap: trap_request=0xffffffde fr.pc=0x0000000004f93860
Event: 473.400 Thread 0x0000000018459000 DEOPT PACKING pc=0x0000000004f93860 sp=0x000000001f1596f0
Event: 473.400 Thread 0x0000000018459000 DEOPT UNPACKING pc=0x00000000030f557b sp=0x000000001f159698 mode 2
Event: 473.400 Thread 0x0000000018459000 Uncommon trap: trap_request=0xffffffde fr.pc=0x0000000004f93860
Event: 473.400 Thread 0x0000000018459000 DEOPT PACKING pc=0x0000000004f93860 sp=0x000000001f1596f0
Event: 473.400 Thread 0x0000000018459000 DEOPT UNPACKING pc=0x00000000030f557b sp=0x000000001f159698 mode 2


Dynamic libraries:
0x00007ff7284d0000 - 0x00007ff728505000 	C:\Program Files\OpenJDK\openjdk-8u282-b08\bin\java.exe
0x00007ffa7b0d0000 - 0x00007ffa7b2c5000 	C:\WINDOWS\SYSTEM32\ntdll.dll
0x00007ffa47ee0000 - 0x00007ffa47ef6000 	C:\Program Files\AVAST Software\Avast\aswhook.dll
0x00007ffa799a0000 - 0x00007ffa79a5e000 	C:\WINDOWS\System32\KERNEL32.DLL
0x00007ffa78e50000 - 0x00007ffa79119000 	C:\WINDOWS\System32\KERNELBASE.dll
0x00007ffa7a440000 - 0x00007ffa7a4ec000 	C:\WINDOWS\System32\ADVAPI32.dll
0x00007ffa79ae0000 - 0x00007ffa79b7e000 	C:\WINDOWS\System32\msvcrt.dll
0x00007ffa79900000 - 0x00007ffa7999b000 	C:\WINDOWS\System32\sechost.dll
0x00007ffa7a550000 - 0x00007ffa7a67a000 	C:\WINDOWS\System32\RPCRT4.dll
0x00007ffa796e0000 - 0x00007ffa79881000 	C:\WINDOWS\System32\USER32.dll
0x00007ffa78e20000 - 0x00007ffa78e42000 	C:\WINDOWS\System32\win32u.dll
0x00007ffa7a860000 - 0x00007ffa7a88b000 	C:\WINDOWS\System32\GDI32.dll
0x00007ffa78ad0000 - 0x00007ffa78bdb000 	C:\WINDOWS\System32\gdi32full.dll
0x00007ffa789a0000 - 0x00007ffa78a3d000 	C:\WINDOWS\System32\msvcp_win.dll
0x00007ffa787f0000 - 0x00007ffa788f0000 	C:\WINDOWS\System32\ucrtbase.dll
0x00007ffa5ed70000 - 0x00007ffa5f00a000 	C:\WINDOWS\WinSxS\amd64_microsoft.windows.common-controls_6595b64144ccf1df_6.0.19041.1110_none_60b5254171f9507e\COMCTL32.dll
0x00007ffa792c0000 - 0x00007ffa792f0000 	C:\WINDOWS\System32\IMM32.DLL
0x000000005d0a0000 - 0x000000005d172000 	C:\Program Files\OpenJDK\openjdk-8u282-b08\jre\bin\msvcr100.dll
0x000000005c800000 - 0x000000005d095000 	C:\Program Files\OpenJDK\openjdk-8u282-b08\jre\bin\server\jvm.dll
0x00007ffa798f0000 - 0x00007ffa798f8000 	C:\WINDOWS\System32\PSAPI.DLL
0x00007ffa6b220000 - 0x00007ffa6b229000 	C:\WINDOWS\SYSTEM32\WSOCK32.dll
0x00007ffa6d180000 - 0x00007ffa6d18a000 	C:\WINDOWS\SYSTEM32\VERSION.dll
0x00007ffa5f0c0000 - 0x00007ffa5f0e7000 	C:\WINDOWS\SYSTEM32\WINMM.dll
0x00007ffa7a320000 - 0x00007ffa7a38b000 	C:\WINDOWS\System32\WS2_32.dll
0x00007ffa60070000 - 0x00007ffa6007f000 	C:\Program Files\OpenJDK\openjdk-8u282-b08\jre\bin\verify.dll
0x00007ffa3c150000 - 0x00007ffa3c179000 	C:\Program Files\OpenJDK\openjdk-8u282-b08\jre\bin\java.dll
0x00007ffa56270000 - 0x00007ffa56286000 	C:\Program Files\OpenJDK\openjdk-8u282-b08\jre\bin\zip.dll
0x00007ffa79be0000 - 0x00007ffa7a31f000 	C:\WINDOWS\System32\SHELL32.dll
0x00007ffa768f0000 - 0x00007ffa77080000 	C:\WINDOWS\SYSTEM32\windows.storage.dll
0x00007ffa792f0000 - 0x00007ffa79645000 	C:\WINDOWS\System32\combase.dll
0x00007ffa78170000 - 0x00007ffa7819c000 	C:\WINDOWS\SYSTEM32\Wldp.dll
0x00007ffa7a7b0000 - 0x00007ffa7a85d000 	C:\WINDOWS\System32\SHCORE.dll
0x00007ffa7a4f0000 - 0x00007ffa7a545000 	C:\WINDOWS\System32\shlwapi.dll
0x00007ffa78730000 - 0x00007ffa7874f000 	C:\WINDOWS\SYSTEM32\profapi.dll
0x00007ffa44170000 - 0x00007ffa4418b000 	C:\Program Files\OpenJDK\openjdk-8u282-b08\jre\bin\net.dll
0x00007ffa77ed0000 - 0x00007ffa77f3a000 	C:\WINDOWS\system32\mswsock.dll
0x00007ffa3fbe0000 - 0x00007ffa3fbf2000 	C:\Program Files\OpenJDK\openjdk-8u282-b08\jre\bin\nio.dll
0x00007ffa64d00000 - 0x00007ffa64d27000 	C:\Users\Owner\.gradle\native\49d0259a56938c7f99b2704e745ce422c4f750a7a20b539a32ccef96729676b1\windows-amd64\native-platform.dll
0x00007ffa19e30000 - 0x00007ffa19fc1000 	C:\Users\Owner\.gradle\native\12488b8bf47d2d4c9fbf2f6322a914ad602e24e48041cd04a747c6da556b65c4\windows-amd64\native-platform-file-events.dll
0x00007ffa5f540000 - 0x00007ffa5f54d000 	C:\Program Files\OpenJDK\openjdk-8u282-b08\jre\bin\management.dll
0x00007ffa780d0000 - 0x00007ffa780e8000 	C:\WINDOWS\SYSTEM32\CRYPTSP.dll
0x00007ffa77850000 - 0x00007ffa77884000 	C:\WINDOWS\system32\rsaenh.dll
0x00007ffa78c90000 - 0x00007ffa78cb7000 	C:\WINDOWS\System32\bcrypt.dll
0x00007ffa786b0000 - 0x00007ffa786de000 	C:\WINDOWS\SYSTEM32\USERENV.dll
0x00007ffa78a40000 - 0x00007ffa78ac3000 	C:\WINDOWS\System32\bcryptprimitives.dll
0x00007ffa780c0000 - 0x00007ffa780cc000 	C:\WINDOWS\SYSTEM32\CRYPTBASE.dll
0x00007ffa77bc0000 - 0x00007ffa77bfb000 	C:\WINDOWS\SYSTEM32\IPHLPAPI.DLL
0x00007ffa79a70000 - 0x00007ffa79a78000 	C:\WINDOWS\System32\NSI.dll
0x00007ffa6ecb0000 - 0x00007ffa6ecc7000 	C:\WINDOWS\SYSTEM32\dhcpcsvc6.DLL
0x00007ffa6ec40000 - 0x00007ffa6ec5d000 	C:\WINDOWS\SYSTEM32\dhcpcsvc.DLL
0x00007ffa77c00000 - 0x00007ffa77ccc000 	C:\WINDOWS\SYSTEM32\DNSAPI.dll
0x00007ffa3e000000 - 0x00007ffa3e024000 	C:\Program Files\OpenJDK\openjdk-8u282-b08\jre\bin\sunec.dll
0x00007ffa6bd20000 - 0x00007ffa6bd2a000 	C:\Windows\System32\rasadhlp.dll
0x00007ffa6b9f0000 - 0x00007ffa6ba6f000 	C:\WINDOWS\System32\fwpuclnt.dll
0x00007ffa5f380000 - 0x00007ffa5f38c000 	C:\Program Files\OpenJDK\openjdk-8u282-b08\jre\bin\sunmscapi.dll
0x00007ffa78cc0000 - 0x00007ffa78e16000 	C:\WINDOWS\System32\CRYPT32.dll
0x00007ffa781e0000 - 0x00007ffa78207000 	C:\WINDOWS\SYSTEM32\ncrypt.dll
0x00007ffa781a0000 - 0x00007ffa781db000 	C:\WINDOWS\SYSTEM32\NTASN1.dll
0x00007ffa774e0000 - 0x00007ffa77513000 	C:\WINDOWS\SYSTEM32\ntmarta.dll

VM Arguments:
jvm_args: -XX:MaxMetaspaceSize=256m -XX:+HeapDumpOnOutOfMemoryError -Xms256m -Xmx512m -Dfile.encoding=windows-1252 -Duser.country=US -Duser.language=en -Duser.variant 
java_command: org.gradle.launcher.daemon.bootstrap.GradleDaemon 6.9
java_class_path (initial): C:\Users\Owner\.gradle\wrapper\dists\gradle-6.9-all\dooywd8nv05k16orzxge2b1bs\gradle-6.9\lib\gradle-launcher-6.9.jar
Launcher Type: SUN_STANDARD

Environment Variables:
JAVA_HOME=C:\Program Files\OpenJDK\openjdk-8u282-b08
CLASSPATH=C:\Users\Owner\myYoutube\android\\gradle\wrapper\gradle-wrapper.jar
PATH=C:\Users\Owner\myYoutube\android\node_modules\.bin;C:\Users\Owner\myYoutube\node_modules\.bin;C:\Users\Owner\node_modules\.bin;C:\Users\node_modules\.bin;C:\node_modules\.bin;C:\Program Files\nodejs;C:\Users\Owner\Downloads\WINDOWS.X64_193000_db_home\bin;C:\Program Files (x86)\Common Files\Oracle\Java\javapath;C:\WINDOWS\system32;C:\WINDOWS;C:\WINDOWS\System32\Wbem;C:\WINDOWS\System32\WindowsPowerShell\v1.0\;C:\WINDOWS\System32\OpenSSH\;C:\Program Files\Git\cmd;C:\Users\Owner\AppData\Local\Android\sdk\platform-tools;C:\ProgramData\chocolatey\bin;C:\Program Files\OpenJDK\openjdk-8u282-b08\bin;C:\Users\Owner\AppData\Local\Android\Sdk\emulator;C:\Users\Owner\AppData\Local\Android\Sdk\tools\bin;C:\Users\Owner\AppData\Local\Android\Sdk\tools;C:\Program Files\nodejs\;C:\Users\Owner\AppData\Local\Microsoft\WindowsApps;C:\Users\Owner\AppData\Local\Programs\Microsoft VS Code\bin;C:\AppServ\Apache24\bin;C:\AppServ\php7;C:\Users\Owner\AppServ\Apache24\bin;C:\Users\Owner\AppServ\php7;C:\Users\Owner\AppServ\MySQL\bin;C:\AppServ\MySQL\bin;C:\Users\Owner\AppData\Roaming\npm;C:\Program Files\heroku\bin
USERNAME=Owner
OS=Windows_NT
PROCESSOR_IDENTIFIER=Intel64 Family 6 Model 42 Stepping 7, GenuineIntel



---------------  S Y S T E M  ---------------

OS: Windows 10.0 , 64 bit Build 19041 (10.0.19041.1202)

CPU:total 4 (initial active 4) (2 cores per cpu, 2 threads per core) family 6 model 42 stepping 7, cmov, cx8, fxsr, mmx, sse, sse2, sse3, ssse3, sse4.1, sse4.2, popcnt, avx, aes, clmul, ht, tsc, tscinvbit

Memory: 4k page, physical 4138424k(276268k free), swap 8234424k(2052k free)

vm_info: OpenJDK 64-Bit Server VM (25.282-b08) for windows-amd64 JRE (1.8.0_282-b08), built on Jan 11 2021 12:17:07 by "build" with MS VC++ 10.0 (VS2010)

time: Mon Nov 15 00:55:15 2021
timezone: SA Western Standard Time
elapsed time: 473.962104 seconds (0d 0h 7m 53s)

